\BOOKMARK [0][-]{chapter*.2}{Lista de Figuras}{}% 1
\BOOKMARK [0][-]{chapter*.3}{Lista de Tabelas}{}% 2
\BOOKMARK [0][-]{chapter.1}{Introdu\347\343o}{}% 3
\BOOKMARK [1][-]{section.1.1}{Contexto e Motiva\347\343o}{chapter.1}% 4
\BOOKMARK [1][-]{section.1.2}{Objetivos}{chapter.1}% 5
\BOOKMARK [1][-]{section.1.3}{Organiza\347\343o do trabalho}{chapter.1}% 6
\BOOKMARK [0][-]{chapter.2}{Fundamenta\347\343o}{}% 7
\BOOKMARK [1][-]{section.2.1}{Considera\347\365es iniciais}{chapter.2}% 8
\BOOKMARK [1][-]{section.2.2}{XFS}{chapter.2}% 9
\BOOKMARK [2][-]{subsection.2.2.1}{Hist\363ria}{section.2.2}% 10
\BOOKMARK [2][-]{subsection.2.2.2}{Arquitetura}{section.2.2}% 11
\BOOKMARK [1][-]{section.2.3}{Ext4}{chapter.2}% 12
\BOOKMARK [2][-]{subsection.2.3.1}{Hist\363ria}{section.2.3}% 13
\BOOKMARK [2][-]{subsection.2.3.2}{Ext4}{section.2.3}% 14
\BOOKMARK [1][-]{section.2.4}{ReiserFS}{chapter.2}% 15
\BOOKMARK [0][-]{chapter.3}{M\351todos e Ferramentas}{}% 16
\BOOKMARK [1][-]{section.3.1}{IOzone}{chapter.3}% 17
\BOOKMARK [1][-]{section.3.2}{Ambiente}{chapter.3}% 18
\BOOKMARK [0][-]{chapter.4}{Planejamento e execu\347\343o}{}% 19
\BOOKMARK [1][-]{section.4.1}{Vari\341veis de resposta, fatores e n\355veis}{chapter.4}% 20
\BOOKMARK [1][-]{section.4.2}{Experimentos}{chapter.4}% 21
\BOOKMARK [0][-]{chapter.5}{Resultados Obtidos}{}% 22
\BOOKMARK [1][-]{section.5.1}{Etapa 1: compara\347\343o entre Ext4 e XFS}{chapter.5}% 23
\BOOKMARK [1][-]{section.5.2}{Etapa 2: compara\347\343o entre Ext4 e ReiserFS}{chapter.5}% 24
\BOOKMARK [1][-]{section.5.3}{Etapa 3: compara\347\343o entre XFS e ReiserFS}{chapter.5}% 25
\BOOKMARK [0][-]{chapter.6}{Conclus\365es}{}% 26
\BOOKMARK [1][-]{section.6.1}{Etapa 1: compara\347\343o entre Ext4 e XFS}{chapter.6}% 27
\BOOKMARK [1][-]{section.6.2}{Etapa 2: compara\347\343o entre Ext4 e ReiserFS}{chapter.6}% 28
\BOOKMARK [1][-]{section.6.3}{Etapa 3 }{chapter.6}% 29
\BOOKMARK [1][-]{section.6.4}{Considera\347\365es finais}{chapter.6}% 30
\BOOKMARK [0][-]{chapter.annex.A}{Anexo A \204 Scripts utilizados}{}% 31
\BOOKMARK [1][-]{section.annex.A.1}{Execu\347\343o dos experimentos}{chapter.annex.A}% 32
\BOOKMARK [1][-]{section.annex.A.2}{Extra\347\343o dos dados do log}{chapter.annex.A}% 33
\BOOKMARK [1][-]{section.annex.A.3}{Gera\347\343o dos gr\341ficos de barra}{chapter.annex.A}% 34
