This is pdfTeX, Version 3.1415926-1.40.11 (TeX Live 2010) (format=pdflatex 2010.12.28)  12 JUN 2011 20:21
entering extended mode
 \write18 enabled.
 file:line:error style messages enabled.
 %&-line parsing enabled.
**monografia.tex
(./monografia.tex
LaTeX2e <2009/09/24>
Babel <v3.8l> and hyphenation patterns for english, dumylang, nohyphenation, ge
rman-x-2009-06-19, ngerman-x-2009-06-19, ancientgreek, ibycus, arabic, armenian
, basque, bulgarian, catalan, pinyin, coptic, croatian, czech, danish, dutch, u
kenglish, usenglishmax, esperanto, estonian, farsi, finnish, french, galician, 
german, ngerman, swissgerman, monogreek, greek, hungarian, icelandic, assamese,
 bengali, gujarati, hindi, kannada, malayalam, marathi, oriya, panjabi, tamil, 
telugu, indonesian, interlingua, irish, italian, kurmanji, lao, latin, latvian,
 lithuanian, mongolian, mongolianlmc, bokmal, nynorsk, polish, portuguese, roma
nian, russian, sanskrit, serbian, slovak, slovenian, spanish, swedish, turkish,
 turkmen, ukrainian, uppersorbian, welsh, loaded.
(/usr/local/texlive/2010/../texmf-local/tex/latex/abntex/abnt.cls
(/usr/local/texlive/2010/../texmf-local/tex/latex/abntex/cvs-id.def)
Document Class: abnt 2003/10/13 v1.26 Classe abnt (NBR6024, NBR6027, NBR6028, N
BR14724)
(/usr/local/texlive/2010/texmf-dist/tex/latex/base/ifthen.sty
Package: ifthen 2001/05/26 v1.1c Standard LaTeX ifthen package (DPC)
)
(/usr/local/texlive/2010/texmf-dist/tex/latex/tools/calc.sty
Package: calc 2007/08/22 v4.3 Infix arithmetic (KKT,FJ)
\calc@Acount=\count79
\calc@Bcount=\count80
\calc@Adimen=\dimen102
\calc@Bdimen=\dimen103
\calc@Askip=\skip41
\calc@Bskip=\skip42
LaTeX Info: Redefining \setlength on input line 76.
LaTeX Info: Redefining \addtolength on input line 77.
\calc@Ccount=\count81
\calc@Cskip=\skip43
)
(/usr/local/texlive/2010/texmf-dist/tex/latex/tools/multicol.sty
Package: multicol 2008/12/05 v1.6h multicolumn formatting (FMi)
\c@tracingmulticols=\count82
\mult@box=\box26
\multicol@leftmargin=\dimen104
\c@unbalance=\count83
\c@collectmore=\count84
\doublecol@number=\count85
\multicoltolerance=\count86
\multicolpretolerance=\count87
\full@width=\dimen105
\page@free=\dimen106
\premulticols=\dimen107
\postmulticols=\dimen108
\multicolsep=\skip44
\multicolbaselineskip=\skip45
\partial@page=\box27
\last@line=\box28
\mult@rightbox=\box29
\mult@grightbox=\box30
\mult@gfirstbox=\box31
\mult@firstbox=\box32
\@tempa=\box33
\@tempa=\box34
\@tempa=\box35
\@tempa=\box36
\@tempa=\box37
\@tempa=\box38
\@tempa=\box39
\@tempa=\box40
\@tempa=\box41
\@tempa=\box42
\@tempa=\box43
\@tempa=\box44
\@tempa=\box45
\@tempa=\box46
\@tempa=\box47
\@tempa=\box48
\@tempa=\box49
\c@columnbadness=\count88
\c@finalcolumnbadness=\count89
\last@try=\dimen109
\multicolovershoot=\dimen110
\multicolundershoot=\dimen111
\mult@nat@firstbox=\box50
\colbreak@box=\box51
)
(/usr/local/texlive/2010/texmf-dist/tex/latex/base/report.cls
Document Class: report 2007/10/19 v1.4h Standard LaTeX document class
(/usr/local/texlive/2010/texmf-dist/tex/latex/base/size12.clo
File: size12.clo 2007/10/19 v1.4h Standard LaTeX file (size option)
)
\c@part=\count90
\c@chapter=\count91
\c@section=\count92
\c@subsection=\count93
\c@subsubsection=\count94
\c@paragraph=\count95
\c@subparagraph=\count96
\c@figure=\count97
\c@table=\count98
\abovecaptionskip=\skip46
\belowcaptionskip=\skip47
\bibindent=\dimen112
)
(/usr/local/texlive/2010/texmf-dist/tex/latex/setspace/setspace.sty
Package: setspace 2000/12/01 6.7 Contributed and Supported LaTeX2e package

Package: `setspace' 6.7 <2000/12/01>
)
\ABNTanapindent=\skip48
\ABNTsignwidth=\skip49
\ABNTsignthickness=\skip50
\ABNTsignskip=\skip51
 (/usr/local/texlive/2010/texmf-dist/tex/latex/tools/indentfirst.sty
Package: indentfirst 1995/11/23 v1.03 Indent first paragraph (DPC)
))
(/usr/local/texlive/2010/texmf-dist/tex/latex/base/fontenc.sty
Package: fontenc 2005/09/27 v1.99g Standard LaTeX package

(/usr/local/texlive/2010/texmf-dist/tex/latex/base/t1enc.def
File: t1enc.def 2005/09/27 v1.99g Standard LaTeX file
LaTeX Font Info:    Redeclaring font encoding T1 on input line 43.
))
(/usr/local/texlive/2010/texmf-dist/tex/latex/base/inputenc.sty
Package: inputenc 2008/03/30 v1.1d Input encoding file
\inpenc@prehook=\toks14
\inpenc@posthook=\toks15

(/usr/local/texlive/2010/texmf-dist/tex/latex/base/latin1.def
File: latin1.def 2008/03/30 v1.1d Input encoding file
))
(/usr/local/texlive/2010/texmf-dist/tex/latex/psnfss/palatino.sty
Package: palatino 2005/04/12 PSNFSS-v9.2a (SPQR) 
)
(/usr/local/texlive/2010/texmf-dist/tex/latex/graphics/graphicx.sty
Package: graphicx 1999/02/16 v1.0f Enhanced LaTeX Graphics (DPC,SPQR)

(/usr/local/texlive/2010/texmf-dist/tex/latex/graphics/keyval.sty
Package: keyval 1999/03/16 v1.13 key=value parser (DPC)
\KV@toks@=\toks16
)
(/usr/local/texlive/2010/texmf-dist/tex/latex/graphics/graphics.sty
Package: graphics 2009/02/05 v1.0o Standard LaTeX Graphics (DPC,SPQR)

(/usr/local/texlive/2010/texmf-dist/tex/latex/graphics/trig.sty
Package: trig 1999/03/16 v1.09 sin cos tan (DPC)
)
(/usr/local/texlive/2010/texmf-dist/tex/latex/latexconfig/graphics.cfg
File: graphics.cfg 2010/04/23 v1.9 graphics configuration of TeX Live
)
Package graphics Info: Driver file: pdftex.def on input line 91.

(/usr/local/texlive/2010/texmf-dist/tex/latex/pdftex-def/pdftex.def
File: pdftex.def 2010/02/14 v0.04n Graphics/color for pdfTeX
\Gread@gobject=\count99
))
\Gin@req@height=\dimen113
\Gin@req@width=\dimen114
)
(/usr/local/texlive/2010/texmf-dist/tex/generic/babel/babel.sty
Package: babel 2008/07/06 v3.8l The Babel package

(/usr/local/texlive/2010/texmf-dist/tex/generic/babel/portuges.ldf
Language: portuges 2008/03/18 v1.2q Portuguese support from the babel system

(/usr/local/texlive/2010/texmf-dist/tex/generic/babel/babel.def
File: babel.def 2008/07/06 v3.8l Babel common definitions
\babel@savecnt=\count100
\U@D=\dimen115
)
\l@brazil = a dialect from \language\l@portuges 
Package babel Info: Making " an active character on input line 145.
))
(/usr/local/texlive/2010/texmf-dist/tex/latex/fancyvrb/fancyvrb.sty
Package: fancyvrb 2008/02/07

Style option: `fancyvrb' v2.7a, with DG/SPQR fixes, and firstline=lastline fix 
<2008/02/07> (tvz)
\FV@CodeLineNo=\count101
\FV@InFile=\read1
\FV@TabBox=\box52
\c@FancyVerbLine=\count102
\FV@StepNumber=\count103
\FV@OutFile=\write3
)
(/usr/local/texlive/2010/texmf-dist/tex/latex/graphics/color.sty
Package: color 2005/11/14 v1.0j Standard LaTeX Color (DPC)

(/usr/local/texlive/2010/texmf-dist/tex/latex/latexconfig/color.cfg
File: color.cfg 2007/01/18 v1.5 color configuration of teTeX/TeXLive
)
Package color Info: Driver file: pdftex.def on input line 130.
)
(/usr/local/texlive/2010/texmf-dist/tex/latex/base/textcomp.sty
Package: textcomp 2005/09/27 v1.99g Standard LaTeX package
Package textcomp Info: Sub-encoding information:
(textcomp)               5 = only ISO-Adobe without \textcurrency
(textcomp)               4 = 5 + \texteuro
(textcomp)               3 = 4 + \textohm
(textcomp)               2 = 3 + \textestimated + \textcurrency
(textcomp)               1 = TS1 - \textcircled - \t
(textcomp)               0 = TS1 (full)
(textcomp)             Font families with sub-encoding setting implement
(textcomp)             only a restricted character set as indicated.
(textcomp)             Family '?' is the default used for unknown fonts.
(textcomp)             See the documentation for details.
Package textcomp Info: Setting ? sub-encoding to TS1/1 on input line 71.

(/usr/local/texlive/2010/texmf-dist/tex/latex/base/ts1enc.def
File: ts1enc.def 2001/06/05 v3.0e (jk/car/fm) Standard LaTeX file
)
LaTeX Info: Redefining \oldstylenums on input line 266.
Package textcomp Info: Setting cmr sub-encoding to TS1/0 on input line 281.
Package textcomp Info: Setting cmss sub-encoding to TS1/0 on input line 282.
Package textcomp Info: Setting cmtt sub-encoding to TS1/0 on input line 283.
Package textcomp Info: Setting cmvtt sub-encoding to TS1/0 on input line 284.
Package textcomp Info: Setting cmbr sub-encoding to TS1/0 on input line 285.
Package textcomp Info: Setting cmtl sub-encoding to TS1/0 on input line 286.
Package textcomp Info: Setting ccr sub-encoding to TS1/0 on input line 287.
Package textcomp Info: Setting ptm sub-encoding to TS1/4 on input line 288.
Package textcomp Info: Setting pcr sub-encoding to TS1/4 on input line 289.
Package textcomp Info: Setting phv sub-encoding to TS1/4 on input line 290.
Package textcomp Info: Setting ppl sub-encoding to TS1/3 on input line 291.
Package textcomp Info: Setting pag sub-encoding to TS1/4 on input line 292.
Package textcomp Info: Setting pbk sub-encoding to TS1/4 on input line 293.
Package textcomp Info: Setting pnc sub-encoding to TS1/4 on input line 294.
Package textcomp Info: Setting pzc sub-encoding to TS1/4 on input line 295.
Package textcomp Info: Setting bch sub-encoding to TS1/4 on input line 296.
Package textcomp Info: Setting put sub-encoding to TS1/5 on input line 297.
Package textcomp Info: Setting uag sub-encoding to TS1/5 on input line 298.
Package textcomp Info: Setting ugq sub-encoding to TS1/5 on input line 299.
Package textcomp Info: Setting ul8 sub-encoding to TS1/4 on input line 300.
Package textcomp Info: Setting ul9 sub-encoding to TS1/4 on input line 301.
Package textcomp Info: Setting augie sub-encoding to TS1/5 on input line 302.
Package textcomp Info: Setting dayrom sub-encoding to TS1/3 on input line 303.
Package textcomp Info: Setting dayroms sub-encoding to TS1/3 on input line 304.

Package textcomp Info: Setting pxr sub-encoding to TS1/0 on input line 305.
Package textcomp Info: Setting pxss sub-encoding to TS1/0 on input line 306.
Package textcomp Info: Setting pxtt sub-encoding to TS1/0 on input line 307.
Package textcomp Info: Setting txr sub-encoding to TS1/0 on input line 308.
Package textcomp Info: Setting txss sub-encoding to TS1/0 on input line 309.
Package textcomp Info: Setting txtt sub-encoding to TS1/0 on input line 310.
Package textcomp Info: Setting futs sub-encoding to TS1/4 on input line 311.
Package textcomp Info: Setting futx sub-encoding to TS1/4 on input line 312.
Package textcomp Info: Setting futj sub-encoding to TS1/4 on input line 313.
Package textcomp Info: Setting hlh sub-encoding to TS1/3 on input line 314.
Package textcomp Info: Setting hls sub-encoding to TS1/3 on input line 315.
Package textcomp Info: Setting hlst sub-encoding to TS1/3 on input line 316.
Package textcomp Info: Setting hlct sub-encoding to TS1/5 on input line 317.
Package textcomp Info: Setting hlx sub-encoding to TS1/5 on input line 318.
Package textcomp Info: Setting hlce sub-encoding to TS1/5 on input line 319.
Package textcomp Info: Setting hlcn sub-encoding to TS1/5 on input line 320.
Package textcomp Info: Setting hlcw sub-encoding to TS1/5 on input line 321.
Package textcomp Info: Setting hlcf sub-encoding to TS1/5 on input line 322.
Package textcomp Info: Setting pplx sub-encoding to TS1/3 on input line 323.
Package textcomp Info: Setting pplj sub-encoding to TS1/3 on input line 324.
Package textcomp Info: Setting ptmx sub-encoding to TS1/4 on input line 325.
Package textcomp Info: Setting ptmj sub-encoding to TS1/4 on input line 326.
)
(/usr/local/texlive/2010/texmf-dist/tex/latex/subfigure/subfigure.sty
Package: subfigure 2002/03/15 v2.1.5 subfigure package
\subfigtopskip=\skip52
\subfigcapskip=\skip53
\subfigcaptopadj=\dimen116
\subfigbottomskip=\skip54
\subfigcapmargin=\dimen117
\subfiglabelskip=\skip55
\c@subfigure=\count104
\c@lofdepth=\count105
\c@subtable=\count106
\c@lotdepth=\count107

****************************************
* Local config file subfigure.cfg used *
****************************************
(/usr/local/texlive/2010/texmf-dist/tex/latex/subfigure/subfigure.cfg)
\subfig@top=\skip56
\subfig@bottom=\skip57
)
(/usr/local/texlive/2010/texmf-dist/tex/latex/listings/listings.sty
\lst@mode=\count108
\lst@gtempboxa=\box53
\lst@token=\toks17
\lst@length=\count109
\lst@currlwidth=\dimen118
\lst@column=\count110
\lst@pos=\count111
\lst@lostspace=\dimen119
\lst@width=\dimen120
\lst@newlines=\count112
\lst@lineno=\count113
\lst@maxwidth=\dimen121

(/usr/local/texlive/2010/texmf-dist/tex/latex/listings/lstmisc.sty
File: lstmisc.sty 2007/02/22 1.4 (Carsten Heinz)
\c@lstnumber=\count114
\lst@skipnumbers=\count115
\lst@framebox=\box54
)
(/usr/local/texlive/2010/texmf-dist/tex/latex/listings/listings.cfg
File: listings.cfg 2007/02/22 1.4 listings configuration
))
Package: listings 2007/02/22 1.4 (Carsten Heinz)

(./monografia.aux)
\openout1 = `monografia.aux'.

LaTeX Font Info:    Checking defaults for OML/cmm/m/it on input line 21.
LaTeX Font Info:    ... okay on input line 21.
LaTeX Font Info:    Checking defaults for T1/cmr/m/n on input line 21.
LaTeX Font Info:    ... okay on input line 21.
LaTeX Font Info:    Checking defaults for OT1/cmr/m/n on input line 21.
LaTeX Font Info:    ... okay on input line 21.
LaTeX Font Info:    Checking defaults for OMS/cmsy/m/n on input line 21.
LaTeX Font Info:    ... okay on input line 21.
LaTeX Font Info:    Checking defaults for OMX/cmex/m/n on input line 21.
LaTeX Font Info:    ... okay on input line 21.
LaTeX Font Info:    Checking defaults for U/cmr/m/n on input line 21.
LaTeX Font Info:    ... okay on input line 21.
LaTeX Font Info:    Checking defaults for TS1/cmr/m/n on input line 21.
LaTeX Font Info:    Try loading font information for TS1+cmr on input line 21.
 (/usr/local/texlive/2010/texmf-dist/tex/latex/base/ts1cmr.fd
File: ts1cmr.fd 1999/05/25 v2.5h Standard LaTeX font definitions
)
LaTeX Font Info:    ... okay on input line 21.
LaTeX Font Info:    Try loading font information for T1+ppl on input line 21.
 (/usr/local/texlive/2010/texmf-dist/tex/latex/psnfss/t1ppl.fd
File: t1ppl.fd 2001/06/04 font definitions for T1/ppl.
)
(/usr/local/texlive/2010/texmf-dist/tex/context/base/supp-pdf.mkii
[Loading MPS to PDF converter (version 2006.09.02).]
\scratchcounter=\count116
\scratchdimen=\dimen122
\scratchbox=\box55
\nofMPsegments=\count117
\nofMParguments=\count118
\everyMPshowfont=\toks18
\MPscratchCnt=\count119
\MPscratchDim=\dimen123
\MPnumerator=\count120
\everyMPtoPDFconversion=\toks19
) (/usr/local/texlive/2010/texmf-dist/tex/generic/oberdiek/pdftexcmds.sty
Package: pdftexcmds 2010/04/01 v0.9 Utility functions of pdfTeX for LuaTeX (HO)


(/usr/local/texlive/2010/texmf-dist/tex/generic/oberdiek/infwarerr.sty
Package: infwarerr 2010/04/08 v1.3 Providing info/warning/message (HO)
)
(/usr/local/texlive/2010/texmf-dist/tex/generic/oberdiek/ifluatex.sty
Package: ifluatex 2010/03/01 v1.3 Provides the ifluatex switch (HO)
Package ifluatex Info: LuaTeX not detected.
)
(/usr/local/texlive/2010/texmf-dist/tex/generic/oberdiek/ltxcmds.sty
Package: ltxcmds 2010/04/26 v1.7 LaTeX kernel commands for general use (HO)
)
Package pdftexcmds Info: LuaTeX not detected.
Package pdftexcmds Info: \pdf@primitive is available.
Package pdftexcmds Info: \pdf@ifprimitive is available.
)
(/usr/local/texlive/2010/texmf-dist/tex/latex/oberdiek/epstopdf-base.sty
Package: epstopdf-base 2010/02/09 v2.5 Base part for package epstopdf

(/usr/local/texlive/2010/texmf-dist/tex/latex/oberdiek/grfext.sty
Package: grfext 2007/09/30 v1.0 Managing graphics extensions (HO)
)
(/usr/local/texlive/2010/texmf-dist/tex/latex/oberdiek/kvoptions.sty
Package: kvoptions 2010/02/22 v3.7 Keyval support for LaTeX options (HO)

(/usr/local/texlive/2010/texmf-dist/tex/generic/oberdiek/kvsetkeys.sty
Package: kvsetkeys 2010/03/01 v1.9 Key value parser (HO)

(/usr/local/texlive/2010/texmf-dist/tex/generic/oberdiek/etexcmds.sty
Package: etexcmds 2010/01/28 v1.3 Prefix for e-TeX command names (HO)
Package etexcmds Info: Could not find \expanded.
(etexcmds)             That can mean that you are not using pdfTeX 1.50 or
(etexcmds)             that some package has redefined \expanded.
(etexcmds)             In the latter case, load this package earlier.
)))
Package grfext Info: Graphics extension search list:
(grfext)             [.png,.pdf,.jpg,.mps,.jpeg,.jbig2,.jb2,.PNG,.PDF,.JPG,.JPE
G,.JBIG2,.JB2,.eps]
(grfext)             \AppendGraphicsExtensions on input line 436.

(/usr/local/texlive/2010/texmf-dist/tex/latex/latexconfig/epstopdf-sys.cfg
File: epstopdf-sys.cfg 2010/07/13 v1.3 Configuration of (r)epstopdf for TeX Liv
e
))
\c@lstlisting=\count121
LaTeX Font Info:    Font shape `T1/ppl/bx/n' in size <14.4> not available
(Font)              Font shape `T1/ppl/b/n' tried instead on input line 44.
LaTeX Font Info:    External font `cmex10' loaded for size
(Font)              <12> on input line 44.
LaTeX Font Info:    External font `cmex10' loaded for size
(Font)              <8> on input line 44.
LaTeX Font Info:    External font `cmex10' loaded for size
(Font)              <6> on input line 44.
LaTeX Font Info:    Font shape `T1/ppl/bx/n' in size <20.74> not available
(Font)              Font shape `T1/ppl/b/n' tried instead on input line 44.
LaTeX Font Info:    Font shape `T1/ppl/bx/it' in size <20.74> not available
(Font)              Font shape `T1/ppl/b/it' tried instead on input line 44.
LaTeX Font Info:    Font shape `T1/ppl/bx/it' in size <12> not available
(Font)              Font shape `T1/ppl/b/it' tried instead on input line 44.

[0

{/usr/local/texlive/2010/texmf-var/fonts/map/pdftex/updmap/pdftex.map}]
Underfull \hbox (badness 2334) in paragraph at lines 46--46
[]\T1/ppl/m/n/12 Monografia apre-sen-tada para con-clu-são
 []

[1]
Underfull \hbox (badness 10000) in paragraph at lines 50--51

 []


Underfull \hbox (badness 10000) in paragraph at lines 50--51

 []


Underfull \hbox (badness 10000) in paragraph at lines 50--51

 []


Underfull \hbox (badness 10000) in paragraph at lines 50--51

 []


Underfull \hbox (badness 10000) in paragraph at lines 50--51

 []


Underfull \hbox (badness 10000) in paragraph at lines 50--51

 []


Underfull \hbox (badness 10000) in paragraph at lines 50--51

 []


Underfull \hbox (badness 10000) in paragraph at lines 50--51

 []


Underfull \hbox (badness 10000) in paragraph at lines 50--51

 []


Underfull \hbox (badness 10000) in paragraph at lines 50--51

 []


Underfull \hbox (badness 10000) in paragraph at lines 50--51

 []


Underfull \hbox (badness 10000) in paragraph at lines 50--51

 []


Underfull \hbox (badness 10000) in paragraph at lines 50--51

 []


Underfull \hbox (badness 10000) in paragraph at lines 50--51

 []


Underfull \hbox (badness 10000) in paragraph at lines 50--51

 []


Underfull \hbox (badness 10000) in paragraph at lines 50--51

 []


Underfull \hbox (badness 10000) in paragraph at lines 50--51

 []


Underfull \hbox (badness 10000) in paragraph at lines 50--51

 []


Underfull \hbox (badness 10000) in paragraph at lines 50--51

 []


Underfull \hbox (badness 10000) in paragraph at lines 50--51

 []


Underfull \hbox (badness 10000) in paragraph at lines 50--51

 []


Underfull \hbox (badness 10000) in paragraph at lines 50--51

 []

[2

]
LaTeX Font Info:    Font shape `T1/ppl/bx/n' in size <24.88> not available
(Font)              Font shape `T1/ppl/b/n' tried instead on input line 58.
LaTeX Font Info:    Font shape `T1/ppl/bx/it' in size <24.88> not available
(Font)              Font shape `T1/ppl/b/it' tried instead on input line 58.
 [3



] (./monografia.toc
LaTeX Font Info:    Font shape `T1/ppl/bx/n' in size <12> not available
(Font)              Font shape `T1/ppl/b/n' tried instead on input line 2.
 [4

])
\tf@toc=\write4
\openout4 = `monografia.toc'.

 [5] (./monografia.lof [6


])
\tf@lof=\write5
\openout5 = `monografia.lof'.

 [7] (./monografia.lot
Overfull \hbox (0.54884pt too wide) in paragraph at lines 7--7
 [][] []\T1/ppl/m/n/12 Tabela com os va-lo-res cal-cu-la-dos de in-fluên-cia do
s fa-to-res para a Etapa 
 []


Overfull \hbox (0.54884pt too wide) in paragraph at lines 8--8
 [][] []\T1/ppl/m/n/12 Tabela com os va-lo-res cal-cu-la-dos de in-fluên-cia do
s fa-to-res para a Etapa 
 []


Overfull \hbox (0.54884pt too wide) in paragraph at lines 9--9
 [][] []\T1/ppl/m/n/12 Tabela com os va-lo-res cal-cu-la-dos de in-fluên-cia do
s fa-to-res para a Etapa 
 []

)
\tf@lot=\write6
\openout6 = `monografia.lot'.

 [8

]
Cap\'{\i }tulo 1.
LaTeX Font Info:    Font shape `T1/ppl/bx/n' in size <17.28> not available
(Font)              Font shape `T1/ppl/b/n' tried instead on input line 74.
[9

]
Cap\'{\i }tulo 2.

Overfull \hbox (2.11662pt too wide) in paragraph at lines 101--102
[]\T1/ppl/m/n/12 Este sis-tema uti-liza ár-vo-res B* para me-lho-rar o de-sem-p
e-nho em ope-ra-ções de busca.
 []

[10

] <images/stree.png, id=41, 932.48375pt x 545.03625pt>
File: images/stree.png Graphic file (type png)

<use images/stree.png>
LaTeX Font Info:    Try loading font information for TS1+ppl on input line 124.


(/usr/local/texlive/2010/texmf-dist/tex/latex/psnfss/ts1ppl.fd
File: ts1ppl.fd 2001/06/04 font definitions for TS1/ppl.
) [11 <./images/stree.png (PNG copy)>] [12]
Cap\'{\i }tulo 3.
[13

] [14]
Cap\'{\i }tulo 4.
<images/ext4_xfs/ext4_xfs_write.png, id=55, 642.4pt x 481.8pt>
File: images/ext4_xfs/ext4_xfs_write.png Graphic file (type png)

<use images/ext4_xfs/ext4_xfs_write.png>
<images/ext4_xfs/ext4_xfs_read.png, id=56, 642.4pt x 481.8pt>
File: images/ext4_xfs/ext4_xfs_read.png Graphic file (type png)

<use images/ext4_xfs/ext4_xfs_read.png>
<images/ext4_xfs/ext4_xfs_randread.png, id=57, 642.4pt x 481.8pt>
File: images/ext4_xfs/ext4_xfs_randread.png Graphic file (type png)

<use images/ext4_xfs/ext4_xfs_randread.png>
<images/ext4_xfs/ext4_xfs_randwrite.png, id=58, 642.4pt x 481.8pt>
File: images/ext4_xfs/ext4_xfs_randwrite.png Graphic file (type png)

<use images/ext4_xfs/ext4_xfs_randwrite.png>
<images/influencias/etapa1_write.png, id=59, 260.00586pt x 234.22446pt>
File: images/influencias/etapa1_write.png Graphic file (type png)

<use images/influencias/etapa1_write.png>
<images/influencias/etapa1_read.png, id=60, 271.63551pt x 238.57808pt>
File: images/influencias/etapa1_read.png Graphic file (type png)

<use images/influencias/etapa1_read.png>
<images/influencias/etapa1_randread.png, id=61, 273.29689pt x 242.06096pt>
File: images/influencias/etapa1_randread.png Graphic file (type png)

<use images/influencias/etapa1_randread.png>
<images/influencias/etapa1_randwrite.png, id=62, 261.66724pt x 235.9659pt>
File: images/influencias/etapa1_randwrite.png Graphic file (type png)

<use images/influencias/etapa1_randwrite.png> [15

 <./images/ext4_xfs/ext4_xfs_write.png (PNG copy)>] [16 <./images/ext4_xfs/ext4
_xfs_read.png (PNG copy)> <./images/ext4_xfs/ext4_xfs_randread.png (PNG copy)>]
 [17 <./images/ext4_xfs/ext4_xfs_randwrite.png (PNG copy)>] [18 <./images/influ
encias/etapa1_write.png (PNG copy)> <./images/influencias/etapa1_read.png (PNG 
copy)> <./images/influencias/etapa1_randread.png (PNG copy)> <./images/influenc
ias/etapa1_randwrite.png (PNG copy)>] <images/ext4_reiser/ext4_reiserfs_write.p
ng, id=80, 642.4pt x 481.8pt>
File: images/ext4_reiser/ext4_reiserfs_write.png Graphic file (type png)

<use images/ext4_reiser/ext4_reiserfs_write.png>
<images/ext4_reiser/ext4_reiserfs_read.png, id=81, 642.4pt x 481.8pt>
File: images/ext4_reiser/ext4_reiserfs_read.png Graphic file (type png)

<use images/ext4_reiser/ext4_reiserfs_read.png>
<images/ext4_reiser/ext4_reiserfs_randread.png, id=82, 642.4pt x 481.8pt>
File: images/ext4_reiser/ext4_reiserfs_randread.png Graphic file (type png)

<use images/ext4_reiser/ext4_reiserfs_randread.png>
<images/ext4_reiser/ext4_reiserfs_randwrite.png, id=83, 642.4pt x 481.8pt>
File: images/ext4_reiser/ext4_reiserfs_randwrite.png Graphic file (type png)

<use images/ext4_reiser/ext4_reiserfs_randwrite.png>
<images/influencias/etapa2_write.png, id=84, 275.78897pt x 244.67313pt>
File: images/influencias/etapa2_write.png Graphic file (type png)

<use images/influencias/etapa2_write.png>
<images/influencias/etapa2_read.png, id=85, 266.65138pt x 244.67313pt>
File: images/influencias/etapa2_read.png Graphic file (type png)

<use images/influencias/etapa2_read.png>
<images/influencias/etapa2_randread.png, id=86, 267.48207pt x 240.31952pt>
File: images/influencias/etapa2_randread.png Graphic file (type png)

<use images/influencias/etapa2_randread.png>
<images/influencias/etapa2_randwrite.png, id=87, 273.29689pt x 241.19025pt>
File: images/influencias/etapa2_randwrite.png Graphic file (type png)

<use images/influencias/etapa2_randwrite.png> [19

 <./images/ext4_reiser/ext4_reiserfs_write.png (PNG copy)>] [20 <./images/ext4_
reiser/ext4_reiserfs_read.png (PNG copy)> <./images/ext4_reiser/ext4_reiserfs_r
andread.png (PNG copy)>]
[21 <./images/ext4_reiser/ext4_reiserfs_randwrite.png (PNG copy)>] [22 <./image
s/influencias/etapa2_write.png (PNG copy)> <./images/influencias/etapa2_read.pn
g (PNG copy)> <./images/influencias/etapa2_randread.png (PNG copy)> <./images/i
nfluencias/etapa2_randwrite.png (PNG copy)>]
<images/xfs_reiser/xfs_reiserfs_write.png, id=104, 642.4pt x 481.8pt>
File: images/xfs_reiser/xfs_reiserfs_write.png Graphic file (type png)

<use images/xfs_reiser/xfs_reiserfs_write.png>
<images/xfs_reiser/xfs_reiserfs_read.png, id=105, 642.4pt x 481.8pt>
File: images/xfs_reiser/xfs_reiserfs_read.png Graphic file (type png)

<use images/xfs_reiser/xfs_reiserfs_read.png>
<images/xfs_reiser/xfs_reiserfs_randread.png, id=106, 642.4pt x 481.8pt>
File: images/xfs_reiser/xfs_reiserfs_randread.png Graphic file (type png)

<use images/xfs_reiser/xfs_reiserfs_randread.png>
<images/xfs_reiser/xfs_reiserfs_randwrite.png, id=107, 642.4pt x 481.8pt>
File: images/xfs_reiser/xfs_reiserfs_randwrite.png Graphic file (type png)

<use images/xfs_reiser/xfs_reiserfs_randwrite.png>
<images/influencias/etapa3_write.png, id=108, 273.29689pt x 247.2853pt>
File: images/influencias/etapa3_write.png Graphic file (type png)

<use images/influencias/etapa3_write.png>
<images/influencias/etapa3_read.png, id=109, 273.29689pt x 242.93169pt>
File: images/influencias/etapa3_read.png Graphic file (type png)

<use images/influencias/etapa3_read.png>
<images/influencias/etapa3_randread.png, id=110, 276.61966pt x 242.06096pt>
File: images/influencias/etapa3_randread.png Graphic file (type png)

<use images/influencias/etapa3_randread.png>
<images/influencias/etapa3_randwrite.png, id=111, 271.63551pt x 243.80241pt>
File: images/influencias/etapa3_randwrite.png Graphic file (type png)

<use images/influencias/etapa3_randwrite.png> [23

 <./images/xfs_reiser/xfs_reiserfs_write.png (PNG copy)>] [24 <./images/xfs_rei
ser/xfs_reiserfs_read.png (PNG copy)> <./images/xfs_reiser/xfs_reiserfs_randrea
d.png (PNG copy)>] [25 <./images/xfs_reiser/xfs_reiserfs_randwrite.png (PNG cop
y)>] [26 <./images/influencias/etapa3_write.png (PNG copy)> <./images/influenci
as/etapa3_read.png (PNG copy)> <./images/influencias/etapa3_randread.png (PNG c
opy)> <./images/influencias/etapa3_randwrite.png (PNG copy)>]
Cap\'{\i }tulo 5.
(./monografia.bbl [27


]
Underfull \hbox (badness 10000) in paragraph at lines 10--13
[]\T1/ppl/m/n/12 BUCHHOLZ, F. \T1/ppl/m/it/12 The struc-ture of the Rei-ser fil
e sys-tem\T1/ppl/m/n/12 . ,
 []


Underfull \hbox (badness 10000) in paragraph at lines 10--13
\T1/ppl/m/n/12 http://homes.cerias.purdue.edu/ flo-ri-an/-rei-ser/-rei-serfs.ph
p Úl-timo acesso
 []

) [28

]
LaTeX Font Info:    External font `cmex10' loaded for size
(Font)              <20.74> on input line 496.
LaTeX Font Info:    External font `cmex10' loaded for size
(Font)              <14.4> on input line 496.

Anexo A.
(/usr/local/texlive/2010/texmf-dist/tex/latex/listings/lstlang1.sty
File: lstlang1.sty 2004/09/05 1.3 listings language file
)
(/usr/local/texlive/2010/texmf-dist/tex/latex/listings/lstlang1.sty
File: lstlang1.sty 2004/09/05 1.3 listings language file
)
(./include/execute.sh
LaTeX Font Info:    External font `cmex10' loaded for size
(Font)              <5> on input line 1.
LaTeX Font Info:    Try loading font information for T1+pcr on input line 3.

(/usr/local/texlive/2010/texmf-dist/tex/latex/psnfss/t1pcr.fd
File: t1pcr.fd 2001/06/04 font definitions for T1/pcr.
) [29

])
(./include/extract.sh) [30]
(/usr/local/texlive/2010/texmf-dist/tex/latex/listings/lstlang1.sty
File: lstlang1.sty 2004/09/05 1.3 listings language file
)
(/usr/local/texlive/2010/texmf-dist/tex/latex/listings/lstlang2.sty
File: lstlang2.sty 2004/09/05 1.3 listings language file
)
(./include/plot.gp [31] [32]) [33]
Anexo B.
<images/dados/ext4_1.png, id=154, 600.58862pt x 240.31952pt>
File: images/dados/ext4_1.png Graphic file (type png)

<use images/dados/ext4_1.png>
<images/dados/ext4_2.png, id=155, 600.58862pt x 237.70735pt>
File: images/dados/ext4_2.png Graphic file (type png)

<use images/dados/ext4_2.png>
<images/dados/ext4_3.png, id=156, 598.92725pt x 237.70735pt>
File: images/dados/ext4_3.png Graphic file (type png)

<use images/dados/ext4_3.png>
<images/dados/ext4_4.png, id=157, 598.92725pt x 237.70735pt>
File: images/dados/ext4_4.png Graphic file (type png)

<use images/dados/ext4_4.png>
<images/dados/ext4_5.png, id=158, 597.26587pt x 235.09518pt>
File: images/dados/ext4_5.png Graphic file (type png)

<use images/dados/ext4_5.png>
<images/dados/ext4_6.png, id=159, 596.43517pt x 232.48302pt>
File: images/dados/ext4_6.png Graphic file (type png)

<use images/dados/ext4_6.png>
<images/dados/ext4_7.png, id=160, 594.77379pt x 232.48302pt>
File: images/dados/ext4_7.png Graphic file (type png)

<use images/dados/ext4_7.png>
<images/dados/ext4_8.png, id=161, 596.43517pt x 233.35373pt>
File: images/dados/ext4_8.png Graphic file (type png)

<use images/dados/ext4_8.png> [34

 <./images/dados/ext4_1.png (PNG copy)> <./images/dados/ext4_2.png (PNG copy)>]
 [35 <./images/dados/ext4_3.png (PNG copy)> <./images/dados/ext4_4.png (PNG cop
y)> <./images/dados/ext4_5.png (PNG copy)>]
[36 <./images/dados/ext4_6.png (PNG copy)> <./images/dados/ext4_7.png (PNG copy
)> <./images/dados/ext4_8.png (PNG copy)>]
<images/dados/xfs_1.png, id=172, 597.26587pt x 234.22446pt>
File: images/dados/xfs_1.png Graphic file (type png)

<use images/dados/xfs_1.png>
<images/dados/xfs_2.png, id=173, 598.09656pt x 234.22446pt>
File: images/dados/xfs_2.png Graphic file (type png)

<use images/dados/xfs_2.png>
<images/dados/xfs_3.png, id=174, 597.26587pt x 234.22446pt>
File: images/dados/xfs_3.png Graphic file (type png)

<use images/dados/xfs_3.png>
<images/dados/xfs_4.png, id=175, 597.26587pt x 233.35373pt>
File: images/dados/xfs_4.png Graphic file (type png)

<use images/dados/xfs_4.png>
<images/dados/xfs_5.png, id=176, 597.26587pt x 233.35373pt>
File: images/dados/xfs_5.png Graphic file (type png)

<use images/dados/xfs_5.png>
<images/dados/xfs_6.png, id=177, 594.77379pt x 230.74156pt>
File: images/dados/xfs_6.png Graphic file (type png)

<use images/dados/xfs_6.png>
<images/dados/xfs_7.png, id=178, 597.26587pt x 235.09518pt>
File: images/dados/xfs_7.png Graphic file (type png)

<use images/dados/xfs_7.png>
<images/dados/xfs_8.png, id=179, 597.26587pt x 234.22446pt>
File: images/dados/xfs_8.png Graphic file (type png)

<use images/dados/xfs_8.png> [37

 <./images/dados/xfs_1.png (PNG copy)> <./images/dados/xfs_2.png (PNG copy)> <.
/images/dados/xfs_3.png (PNG copy)>] [38 <./images/dados/xfs_4.png (PNG copy)> 
<./images/dados/xfs_5.png (PNG copy)> <./images/dados/xfs_6.png (PNG copy)>] [3
9 <./images/dados/xfs_7.png (PNG copy)> <./images/dados/xfs_8.png (PNG copy)>]
<images/dados/reiser_1.png, id=189, 601.41931pt x 233.35373pt>
File: images/dados/reiser_1.png Graphic file (type png)

<use images/dados/reiser_1.png>
<images/dados/reiser_2.png, id=190, 603.08069pt x 233.35373pt>
File: images/dados/reiser_2.png Graphic file (type png)

<use images/dados/reiser_2.png>
<images/dados/reiser_3.png, id=191, 601.41931pt x 233.35373pt>
File: images/dados/reiser_3.png Graphic file (type png)

<use images/dados/reiser_3.png>
<images/dados/reiser_4.png, id=192, 603.08069pt x 232.48302pt>
File: images/dados/reiser_4.png Graphic file (type png)

<use images/dados/reiser_4.png> [40

 <./images/dados/reiser_1.png (PNG copy)> <./images/dados/reiser_2.png (PNG cop
y)> <./images/dados/reiser_3.png (PNG copy)>] [41 <./images/dados/reiser_4.png 
(PNG copy)>]
+-------------------------------------------------------------------+
| Comentario, sugestao ou critica sobre o abnTeX? Entre em contato: |
|                  http://abntex.codigolivre.org.br                 |
+-------------------------------------------------------------------+
(./monografia.aux) ) 
Here is how much of TeX's memory you used:
 5851 strings out of 493747
 84393 string characters out of 3143545
 528156 words of memory out of 3000000
 8948 multiletter control sequences out of 15000+200000
 38866 words of font info for 76 fonts, out of 3000000 for 9000
 714 hyphenation exceptions out of 8191
 38i,11n,49p,752b,1827s stack positions out of 5000i,500n,10000p,200000b,50000s
{/usr/local/texlive/2010/texmf-dist/fonts/enc/dvips/base/8r
.enc}</usr/local/texlive/2010/texmf-dist/fonts/type1/public/amsfonts/cm/cmmi8.p
fb></usr/local/texlive/2010/texmf-dist/fonts/type1/public/amsfonts/cm/cmsy8.pfb
></usr/local/texlive/2010/texmf-dist/fonts/type1/urw/courier/ucrr8a.pfb></usr/l
ocal/texlive/2010/texmf-dist/fonts/type1/urw/palatino/uplb8a.pfb></usr/local/te
xlive/2010/texmf-dist/fonts/type1/urw/palatino/uplbi8a.pfb></usr/local/texlive/
2010/texmf-dist/fonts/type1/urw/palatino/uplr8a.pfb></usr/local/texlive/2010/te
xmf-dist/fonts/type1/urw/palatino/uplri8a.pfb>
Output written on monografia.pdf (42 pages, 1372028 bytes).
PDF statistics:
 227 PDF objects out of 1000 (max. 8388607)
 117 compressed objects within 2 object streams
 0 named destinations out of 1000 (max. 500000)
 226 words of extra memory for PDF output out of 10000 (max. 10000000)

