This is pdfTeX, Version 3.1415926-1.40.10 (TeX Live 2009/Debian) (format=pdflatex 2011.6.1)  13 JUN 2011 00:07
entering extended mode
 Source specials enabled.
 %&-line parsing enabled.
**monografia.tex
(./monografia.tex
LaTeX2e <2009/09/24>
Babel <v3.8l> and hyphenation patterns for english, usenglishmax, dumylang, noh
yphenation, farsi, arabic, croatian, bulgarian, ukrainian, russian, czech, slov
ak, danish, dutch, finnish, french, basque, ngerman, german, german-x-2009-06-1
9, ngerman-x-2009-06-19, ibycus, monogreek, greek, ancientgreek, hungarian, san
skrit, italian, latin, latvian, lithuanian, mongolian2a, mongolian, bokmal, nyn
orsk, romanian, irish, coptic, serbian, turkish, welsh, esperanto, uppersorbian
, estonian, indonesian, interlingua, icelandic, kurmanji, slovenian, polish, po
rtuguese, spanish, galician, catalan, swedish, ukenglish, pinyin, loaded.
(./abnt.cls (./cvs-id.def)
Document Class: abnt 2004/11/02 v1.27.2.1 Classe abnt (NBR6024, NBR6027, NBR602
8, NBR14724)
(/usr/share/texmf-texlive/tex/latex/base/ifthen.sty
Package: ifthen 2001/05/26 v1.1c Standard LaTeX ifthen package (DPC)
)
(/usr/share/texmf-texlive/tex/latex/tools/calc.sty
Package: calc 2007/08/22 v4.3 Infix arithmetic (KKT,FJ)
\calc@Acount=\count79
\calc@Bcount=\count80
\calc@Adimen=\dimen102
\calc@Bdimen=\dimen103
\calc@Askip=\skip41
\calc@Bskip=\skip42
LaTeX Info: Redefining \setlength on input line 76.
LaTeX Info: Redefining \addtolength on input line 77.
\calc@Ccount=\count81
\calc@Cskip=\skip43
)
(/usr/share/texmf-texlive/tex/latex/tools/multicol.sty
Package: multicol 2008/12/05 v1.6h multicolumn formatting (FMi)
\c@tracingmulticols=\count82
\mult@box=\box26
\multicol@leftmargin=\dimen104
\c@unbalance=\count83
\c@collectmore=\count84
\doublecol@number=\count85
\multicoltolerance=\count86
\multicolpretolerance=\count87
\full@width=\dimen105
\page@free=\dimen106
\premulticols=\dimen107
\postmulticols=\dimen108
\multicolsep=\skip44
\multicolbaselineskip=\skip45
\partial@page=\box27
\last@line=\box28
\mult@rightbox=\box29
\mult@grightbox=\box30
\mult@gfirstbox=\box31
\mult@firstbox=\box32
\@tempa=\box33
\@tempa=\box34
\@tempa=\box35
\@tempa=\box36
\@tempa=\box37
\@tempa=\box38
\@tempa=\box39
\@tempa=\box40
\@tempa=\box41
\@tempa=\box42
\@tempa=\box43
\@tempa=\box44
\@tempa=\box45
\@tempa=\box46
\@tempa=\box47
\@tempa=\box48
\@tempa=\box49
\c@columnbadness=\count88
\c@finalcolumnbadness=\count89
\last@try=\dimen109
\multicolovershoot=\dimen110
\multicolundershoot=\dimen111
\mult@nat@firstbox=\box50
\colbreak@box=\box51
)
(/usr/share/texmf-texlive/tex/latex/base/report.cls
Document Class: report 2007/10/19 v1.4h Standard LaTeX document class
(/usr/share/texmf-texlive/tex/latex/base/size12.clo
File: size12.clo 2007/10/19 v1.4h Standard LaTeX file (size option)
)
\c@part=\count90
\c@chapter=\count91
\c@section=\count92
\c@subsection=\count93
\c@subsubsection=\count94
\c@paragraph=\count95
\c@subparagraph=\count96
\c@figure=\count97
\c@table=\count98
\abovecaptionskip=\skip46
\belowcaptionskip=\skip47
\bibindent=\dimen112
)
(/usr/share/texmf-texlive/tex/latex/setspace/setspace.sty
Package: setspace 2000/12/01 6.7 Contributed and Supported LaTeX2e package

Package: `setspace' 6.7 <2000/12/01>
)
\ABNTanapindent=\skip48
\ABNTsignwidth=\skip49
\ABNTsignthickness=\skip50
\ABNTsignskip=\skip51
 (/usr/share/texmf-texlive/tex/latex/tools/indentfirst.sty
Package: indentfirst 1995/11/23 v1.03 Indent first paragraph (DPC)
))
(/usr/share/texmf-texlive/tex/latex/base/fontenc.sty
Package: fontenc 2005/09/27 v1.99g Standard LaTeX package

(/usr/share/texmf-texlive/tex/latex/base/t1enc.def
File: t1enc.def 2005/09/27 v1.99g Standard LaTeX file
LaTeX Font Info:    Redeclaring font encoding T1 on input line 43.
))
(/usr/share/texmf-texlive/tex/latex/base/inputenc.sty
Package: inputenc 2008/03/30 v1.1d Input encoding file
\inpenc@prehook=\toks14
\inpenc@posthook=\toks15

(/usr/share/texmf-texlive/tex/latex/base/latin1.def
File: latin1.def 2008/03/30 v1.1d Input encoding file
))
(/usr/share/texmf-texlive/tex/latex/psnfss/palatino.sty
Package: palatino 2005/04/12 PSNFSS-v9.2a (SPQR) 
)
(/usr/share/texmf-texlive/tex/latex/graphics/graphicx.sty
Package: graphicx 1999/02/16 v1.0f Enhanced LaTeX Graphics (DPC,SPQR)

(/usr/share/texmf-texlive/tex/latex/graphics/keyval.sty
Package: keyval 1999/03/16 v1.13 key=value parser (DPC)
\KV@toks@=\toks16
)
(/usr/share/texmf-texlive/tex/latex/graphics/graphics.sty
Package: graphics 2009/02/05 v1.0o Standard LaTeX Graphics (DPC,SPQR)

(/usr/share/texmf-texlive/tex/latex/graphics/trig.sty
Package: trig 1999/03/16 v1.09 sin cos tan (DPC)
)
(/etc/texmf/tex/latex/config/graphics.cfg
File: graphics.cfg 2009/08/28 v1.8 graphics configuration of TeX Live
)
Package graphics Info: Driver file: pdftex.def on input line 91.

(/usr/share/texmf-texlive/tex/latex/pdftex-def/pdftex.def
File: pdftex.def 2010/03/12 v0.04p Graphics/color for pdfTeX
\Gread@gobject=\count99
))
\Gin@req@height=\dimen113
\Gin@req@width=\dimen114
)
(/var/lib/texmf/tex/generic/babel/babel.sty
Package: babel 2008/07/06 v3.8l The Babel package

(/usr/share/texmf-texlive/tex/generic/babel/portuges.ldf
Language: portuges 2008/03/18 v1.2q Portuguese support from the babel system

(/usr/share/texmf-texlive/tex/generic/babel/babel.def
File: babel.def 2008/07/06 v3.8l Babel common definitions
\babel@savecnt=\count100
\U@D=\dimen115
)
\l@brazil = a dialect from \language\l@portuges 
Package babel Info: Making " an active character on input line 145.
))
(/usr/share/texmf-texlive/tex/latex/fancyvrb/fancyvrb.sty
Package: fancyvrb 2008/02/07

Style option: `fancyvrb' v2.7a, with DG/SPQR fixes, and firstline=lastline fix 
<2008/02/07> (tvz)
\FV@CodeLineNo=\count101
\FV@InFile=\read1
\FV@TabBox=\box52
\c@FancyVerbLine=\count102
\FV@StepNumber=\count103
\FV@OutFile=\write3
) (/usr/share/texmf-texlive/tex/latex/graphics/color.sty
Package: color 2005/11/14 v1.0j Standard LaTeX Color (DPC)

(/etc/texmf/tex/latex/config/color.cfg
File: color.cfg 2007/01/18 v1.5 color configuration of teTeX/TeXLive
)
Package color Info: Driver file: pdftex.def on input line 130.
)
(/usr/share/texmf-texlive/tex/latex/base/textcomp.sty
Package: textcomp 2005/09/27 v1.99g Standard LaTeX package
Package textcomp Info: Sub-encoding information:
(textcomp)               5 = only ISO-Adobe without \textcurrency
(textcomp)               4 = 5 + \texteuro
(textcomp)               3 = 4 + \textohm
(textcomp)               2 = 3 + \textestimated + \textcurrency
(textcomp)               1 = TS1 - \textcircled - \t
(textcomp)               0 = TS1 (full)
(textcomp)             Font families with sub-encoding setting implement
(textcomp)             only a restricted character set as indicated.
(textcomp)             Family '?' is the default used for unknown fonts.
(textcomp)             See the documentation for details.
Package textcomp Info: Setting ? sub-encoding to TS1/1 on input line 71.

(/usr/share/texmf-texlive/tex/latex/base/ts1enc.def
File: ts1enc.def 2001/06/05 v3.0e (jk/car/fm) Standard LaTeX file
)
LaTeX Info: Redefining \oldstylenums on input line 266.
Package textcomp Info: Setting cmr sub-encoding to TS1/0 on input line 281.
Package textcomp Info: Setting cmss sub-encoding to TS1/0 on input line 282.
Package textcomp Info: Setting cmtt sub-encoding to TS1/0 on input line 283.
Package textcomp Info: Setting cmvtt sub-encoding to TS1/0 on input line 284.
Package textcomp Info: Setting cmbr sub-encoding to TS1/0 on input line 285.
Package textcomp Info: Setting cmtl sub-encoding to TS1/0 on input line 286.
Package textcomp Info: Setting ccr sub-encoding to TS1/0 on input line 287.
Package textcomp Info: Setting ptm sub-encoding to TS1/4 on input line 288.
Package textcomp Info: Setting pcr sub-encoding to TS1/4 on input line 289.
Package textcomp Info: Setting phv sub-encoding to TS1/4 on input line 290.
Package textcomp Info: Setting ppl sub-encoding to TS1/3 on input line 291.
Package textcomp Info: Setting pag sub-encoding to TS1/4 on input line 292.
Package textcomp Info: Setting pbk sub-encoding to TS1/4 on input line 293.
Package textcomp Info: Setting pnc sub-encoding to TS1/4 on input line 294.
Package textcomp Info: Setting pzc sub-encoding to TS1/4 on input line 295.
Package textcomp Info: Setting bch sub-encoding to TS1/4 on input line 296.
Package textcomp Info: Setting put sub-encoding to TS1/5 on input line 297.
Package textcomp Info: Setting uag sub-encoding to TS1/5 on input line 298.
Package textcomp Info: Setting ugq sub-encoding to TS1/5 on input line 299.
Package textcomp Info: Setting ul8 sub-encoding to TS1/4 on input line 300.
Package textcomp Info: Setting ul9 sub-encoding to TS1/4 on input line 301.
Package textcomp Info: Setting augie sub-encoding to TS1/5 on input line 302.
Package textcomp Info: Setting dayrom sub-encoding to TS1/3 on input line 303.
Package textcomp Info: Setting dayroms sub-encoding to TS1/3 on input line 304.

Package textcomp Info: Setting pxr sub-encoding to TS1/0 on input line 305.
Package textcomp Info: Setting pxss sub-encoding to TS1/0 on input line 306.
Package textcomp Info: Setting pxtt sub-encoding to TS1/0 on input line 307.
Package textcomp Info: Setting txr sub-encoding to TS1/0 on input line 308.
Package textcomp Info: Setting txss sub-encoding to TS1/0 on input line 309.
Package textcomp Info: Setting txtt sub-encoding to TS1/0 on input line 310.
Package textcomp Info: Setting futs sub-encoding to TS1/4 on input line 311.
Package textcomp Info: Setting futx sub-encoding to TS1/4 on input line 312.
Package textcomp Info: Setting futj sub-encoding to TS1/4 on input line 313.
Package textcomp Info: Setting hlh sub-encoding to TS1/3 on input line 314.
Package textcomp Info: Setting hls sub-encoding to TS1/3 on input line 315.
Package textcomp Info: Setting hlst sub-encoding to TS1/3 on input line 316.
Package textcomp Info: Setting hlct sub-encoding to TS1/5 on input line 317.
Package textcomp Info: Setting hlx sub-encoding to TS1/5 on input line 318.
Package textcomp Info: Setting hlce sub-encoding to TS1/5 on input line 319.
Package textcomp Info: Setting hlcn sub-encoding to TS1/5 on input line 320.
Package textcomp Info: Setting hlcw sub-encoding to TS1/5 on input line 321.
Package textcomp Info: Setting hlcf sub-encoding to TS1/5 on input line 322.
Package textcomp Info: Setting pplx sub-encoding to TS1/3 on input line 323.
Package textcomp Info: Setting pplj sub-encoding to TS1/3 on input line 324.
Package textcomp Info: Setting ptmx sub-encoding to TS1/4 on input line 325.
Package textcomp Info: Setting ptmj sub-encoding to TS1/4 on input line 326.
)
(/usr/share/texmf-texlive/tex/latex/subfigure/subfigure.sty
Package: subfigure 2002/03/15 v2.1.5 subfigure package
\subfigtopskip=\skip52
\subfigcapskip=\skip53
\subfigcaptopadj=\dimen116
\subfigbottomskip=\skip54
\subfigcapmargin=\dimen117
\subfiglabelskip=\skip55
\c@subfigure=\count104
\c@lofdepth=\count105
\c@subtable=\count106
\c@lotdepth=\count107

****************************************
* Local config file subfigure.cfg used *
****************************************
(/usr/share/texmf-texlive/tex/latex/subfigure/subfigure.cfg)
\subfig@top=\skip56
\subfig@bottom=\skip57
)
(/usr/share/texmf-texlive/tex/latex/listings/listings.sty
\lst@mode=\count108
\lst@gtempboxa=\box53
\lst@token=\toks17
\lst@length=\count109
\lst@currlwidth=\dimen118
\lst@column=\count110
\lst@pos=\count111
\lst@lostspace=\dimen119
\lst@width=\dimen120
\lst@newlines=\count112
\lst@lineno=\count113
\lst@maxwidth=\dimen121

(/usr/share/texmf-texlive/tex/latex/listings/lstmisc.sty
File: lstmisc.sty 2007/02/22 1.4 (Carsten Heinz)
\c@lstnumber=\count114
\lst@skipnumbers=\count115
\lst@framebox=\box54
)
(/usr/share/texmf-texlive/tex/latex/listings/listings.cfg
File: listings.cfg 2007/02/22 1.4 listings configuration
))
Package: listings 2007/02/22 1.4 (Carsten Heinz)

(/usr/share/texmf-texlive/tex/latex/paralist/paralist.sty
Package: paralist 2002/03/18 v2.3b Extended list environments (BS)
\pltopsep=\skip58
\plpartopsep=\skip59
\plitemsep=\skip60
\plparsep=\skip61
\pl@lab=\toks18
) (./monografia.aux)
\openout1 = `monografia.aux'.

LaTeX Font Info:    Checking defaults for OML/cmm/m/it on input line 22.
LaTeX Font Info:    ... okay on input line 22.
LaTeX Font Info:    Checking defaults for T1/cmr/m/n on input line 22.
LaTeX Font Info:    ... okay on input line 22.
LaTeX Font Info:    Checking defaults for OT1/cmr/m/n on input line 22.
LaTeX Font Info:    ... okay on input line 22.
LaTeX Font Info:    Checking defaults for OMS/cmsy/m/n on input line 22.
LaTeX Font Info:    ... okay on input line 22.
LaTeX Font Info:    Checking defaults for OMX/cmex/m/n on input line 22.
LaTeX Font Info:    ... okay on input line 22.
LaTeX Font Info:    Checking defaults for U/cmr/m/n on input line 22.
LaTeX Font Info:    ... okay on input line 22.
LaTeX Font Info:    Checking defaults for TS1/cmr/m/n on input line 22.
LaTeX Font Info:    Try loading font information for TS1+cmr on input line 22.

(/usr/share/texmf-texlive/tex/latex/base/ts1cmr.fd
File: ts1cmr.fd 1999/05/25 v2.5h Standard LaTeX font definitions
)
LaTeX Font Info:    ... okay on input line 22.
LaTeX Font Info:    Try loading font information for T1+ppl on input line 22.

(/usr/share/texmf-texlive/tex/latex/psnfss/t1ppl.fd
File: t1ppl.fd 2001/06/04 font definitions for T1/ppl.
)
(/usr/share/texmf/tex/context/base/supp-pdf.mkii
[Loading MPS to PDF converter (version 2006.09.02).]
\scratchcounter=\count116
\scratchdimen=\dimen122
\scratchbox=\box55
\nofMPsegments=\count117
\nofMParguments=\count118
\everyMPshowfont=\toks19
\MPscratchCnt=\count119
\MPscratchDim=\dimen123
\MPnumerator=\count120
\everyMPtoPDFconversion=\toks20
)
\c@lstlisting=\count121
LaTeX Font Info:    Font shape `T1/ppl/bx/n' in size <14.4> not available
(Font)              Font shape `T1/ppl/b/n' tried instead on input line 45.
LaTeX Font Info:    External font `cmex10' loaded for size
(Font)              <12> on input line 45.
LaTeX Font Info:    External font `cmex10' loaded for size
(Font)              <8> on input line 45.
LaTeX Font Info:    External font `cmex10' loaded for size
(Font)              <6> on input line 45.
LaTeX Font Info:    Font shape `T1/ppl/bx/n' in size <20.74> not available
(Font)              Font shape `T1/ppl/b/n' tried instead on input line 45.
LaTeX Font Info:    Font shape `T1/ppl/bx/it' in size <20.74> not available
(Font)              Font shape `T1/ppl/b/it' tried instead on input line 45.
LaTeX Font Info:    Font shape `T1/ppl/bx/it' in size <12> not available
(Font)              Font shape `T1/ppl/b/it' tried instead on input line 45.
 [0

{/var/lib/texmf/fonts/map/pdftex/updmap/pdftex.map}]
Underfull \hbox (badness 2334) in paragraph at lines 47--47
[]\T1/ppl/m/n/12 Monografia apre-sen-tada para con-clu-são
 []

[1]
Underfull \hbox (badness 10000) in paragraph at lines 51--52

 []


Underfull \hbox (badness 10000) in paragraph at lines 51--52

 []


Underfull \hbox (badness 10000) in paragraph at lines 51--52

 []


Underfull \hbox (badness 10000) in paragraph at lines 51--52

 []


Underfull \hbox (badness 10000) in paragraph at lines 51--52

 []


Underfull \hbox (badness 10000) in paragraph at lines 51--52

 []


Underfull \hbox (badness 10000) in paragraph at lines 51--52

 []


Underfull \hbox (badness 10000) in paragraph at lines 51--52

 []


Underfull \hbox (badness 10000) in paragraph at lines 51--52

 []


Underfull \hbox (badness 10000) in paragraph at lines 51--52

 []


Underfull \hbox (badness 10000) in paragraph at lines 51--52

 []


Underfull \hbox (badness 10000) in paragraph at lines 51--52

 []


Underfull \hbox (badness 10000) in paragraph at lines 51--52

 []


Underfull \hbox (badness 10000) in paragraph at lines 51--52

 []


Underfull \hbox (badness 10000) in paragraph at lines 51--52

 []


Underfull \hbox (badness 10000) in paragraph at lines 51--52

 []


Underfull \hbox (badness 10000) in paragraph at lines 51--52

 []


Underfull \hbox (badness 10000) in paragraph at lines 51--52

 []


Underfull \hbox (badness 10000) in paragraph at lines 51--52

 []


Underfull \hbox (badness 10000) in paragraph at lines 51--52

 []


Underfull \hbox (badness 10000) in paragraph at lines 51--52

 []


Underfull \hbox (badness 10000) in paragraph at lines 51--52

 []

[2

]
LaTeX Font Info:    Font shape `T1/ppl/bx/n' in size <24.88> not available
(Font)              Font shape `T1/ppl/b/n' tried instead on input line 59.
LaTeX Font Info:    Font shape `T1/ppl/bx/it' in size <24.88> not available
(Font)              Font shape `T1/ppl/b/it' tried instead on input line 59.
 [3



] (./monografia.toc
LaTeX Font Info:    Font shape `T1/ppl/bx/n' in size <12> not available
(Font)              Font shape `T1/ppl/b/n' tried instead on input line 2.
 [4

])
\tf@toc=\write4
\openout4 = `monografia.toc'.

 [5] (./monografia.lof

LaTeX Warning: Citation `Mathur07TNEFcsfp' on page  undefined on input line 2.

[6


])
\tf@lof=\write5
\openout5 = `monografia.lof'.

 [7] (./monografia.lot
Overfull \hbox (0.54884pt too wide) in paragraph at lines 7--7
 [][][] []\T1/ppl/m/n/12 Tabela com os va-lo-res cal-cu-la-dos de in-fluên-cia 
dos fa-to-res para a Etapa 
 []


Overfull \hbox (0.54884pt too wide) in paragraph at lines 8--8
 [][][] []\T1/ppl/m/n/12 Tabela com os va-lo-res cal-cu-la-dos de in-fluên-cia 
dos fa-to-res para a Etapa 
 []


Overfull \hbox (0.54884pt too wide) in paragraph at lines 9--9
 [][][] []\T1/ppl/m/n/12 Tabela com os va-lo-res cal-cu-la-dos de in-fluên-cia 
dos fa-to-res para a Etapa 
 []

)
\tf@lot=\write6
\openout6 = `monografia.lot'.

 [8

]
Cap\'{\i }tulo 1.
LaTeX Font Info:    Font shape `T1/ppl/bx/n' in size <17.28> not available
(Font)              Font shape `T1/ppl/b/n' tried instead on input line 80.
[9

]
Cap\'{\i }tulo 2.

LaTeX Warning: Citation `Card94DISEf' on page 10 undefined on input line 132.


LaTeX Warning: Citation `Silberschatz08OSC' on page 10 undefined on input line 
134.

LaTeX Font Info:    External font `cmex10' loaded for size
(Font)              <7> on input line 136.
LaTeX Font Info:    External font `cmex10' loaded for size
(Font)              <5> on input line 136.

LaTeX Warning: Citation `Card94DISEf' on page 10 undefined on input line 146.


Overfull \hbox (5.16736pt too wide) in paragraph at lines 142--149
[]\T1/ppl/m/n/12 Entretanto, al-guns pro-ble-mas ainda es-ta-vam pre-sen-tes ne
ssa im-ple-men-ta-ção. Por exem-
 []

[10

]

LaTeX Warning: Citation `Card94DISEf' on page 11 undefined on input line 154.


LaTeX Warning: Citation `Mathur07TNEFcsfp' on page 11 undefined on input line 1
68.


LaTeX Warning: Citation `Mathur07TNEFcsfp' on page 11 undefined on input line 1
77.


LaTeX Warning: Citation `Mathur07TNEFcsfp' on page 11 undefined on input line 1
93.

[11]
Overfull \hbox (11.17891pt too wide) in paragraph at lines 229--232
[][]\T1/ppl/m/n/12 Melhorias na forma como a in-te-gri-dade do sis-tema de ar-q
ui-vos é ve-ri-fi-cada (usando
 []

[12] <images/ext4_extents.png, id=48, 621.32124pt x 591.20876pt>
File: images/ext4_extents.png Graphic file (type png)

<use images/ext4_extents.png>

LaTeX Warning: Citation `Mathur07TNEFcsfp' on page 13 undefined on input line 2
46.

[13 <./images/ext4_extents.png (PNG copy)>]

LaTeX Warning: Citation `sitereiser' on page 14 undefined on input line 261.


Overfull \hbox (2.11662pt too wide) in paragraph at lines 261--262
[][]\T1/ppl/m/n/12 Este sis-tema uti-liza ár-vo-res B* para me-lho-rar o de-sem
-pe-nho em ope-ra-ções de busca.
 []

<images/stree.png, id=52, 932.48375pt x 545.03625pt>
File: images/stree.png Graphic file (type png)
 <use images/stree.png>
[14] [15 <./images/stree.png (PNG copy)>]
Cap\'{\i }tulo 3.
LaTeX Font Info:    Try loading font information for TS1+ppl on input line 293.

(/usr/share/texmf-texlive/tex/latex/psnfss/ts1ppl.fd
File: ts1ppl.fd 2001/06/04 font definitions for TS1/ppl.
) [16

]
Cap\'{\i }tulo 4.
[17

] [18]
Cap\'{\i }tulo 5.
<images/ext4_xfs/ext4_xfs_write.png, id=69, 642.4pt x 481.8pt>
File: images/ext4_xfs/ext4_xfs_write.png Graphic file (type png)

<use images/ext4_xfs/ext4_xfs_write.png>
<images/ext4_xfs/ext4_xfs_read.png, id=70, 642.4pt x 481.8pt>
File: images/ext4_xfs/ext4_xfs_read.png Graphic file (type png)

<use images/ext4_xfs/ext4_xfs_read.png>
<images/ext4_xfs/ext4_xfs_randread.png, id=71, 642.4pt x 481.8pt>
File: images/ext4_xfs/ext4_xfs_randread.png Graphic file (type png)

<use images/ext4_xfs/ext4_xfs_randread.png>
<images/ext4_xfs/ext4_xfs_randwrite.png, id=72, 642.4pt x 481.8pt>
File: images/ext4_xfs/ext4_xfs_randwrite.png Graphic file (type png)

<use images/ext4_xfs/ext4_xfs_randwrite.png>
<images/influencias/etapa1_write.png, id=73, 260.00586pt x 234.22446pt>
File: images/influencias/etapa1_write.png Graphic file (type png)

<use images/influencias/etapa1_write.png>
<images/influencias/etapa1_read.png, id=74, 271.63551pt x 238.57808pt>
File: images/influencias/etapa1_read.png Graphic file (type png)

<use images/influencias/etapa1_read.png>
<images/influencias/etapa1_randread.png, id=75, 273.29689pt x 242.06096pt>
File: images/influencias/etapa1_randread.png Graphic file (type png)

<use images/influencias/etapa1_randread.png>
<images/influencias/etapa1_randwrite.png, id=76, 261.66724pt x 235.9659pt>
File: images/influencias/etapa1_randwrite.png Graphic file (type png)

<use images/influencias/etapa1_randwrite.png> [19

 <./images/ext4_xfs/ext4_xfs_write.png (PNG copy)>] [20 <./images/ext4_xfs/ext4
_xfs_read.png (PNG copy)> <./images/ext4_xfs/ext4_xfs_randread.png (PNG copy)>]
 [21 <./images/ext4_xfs/ext4_xfs_randwrite.png (PNG copy)>] [22 <./images/influ
encias/etapa1_write.png (PNG copy)> <./images/influencias/etapa1_read.png (PNG 
copy)> <./images/influencias/etapa1_randread.png (PNG copy)> <./images/influenc
ias/etapa1_randwrite.png (PNG copy)>] <images/ext4_reiser/ext4_reiserfs_write.p
ng, id=93, 642.4pt x 481.8pt>
File: images/ext4_reiser/ext4_reiserfs_write.png Graphic file (type png)

<use images/ext4_reiser/ext4_reiserfs_write.png>
<images/ext4_reiser/ext4_reiserfs_read.png, id=94, 642.4pt x 481.8pt>
File: images/ext4_reiser/ext4_reiserfs_read.png Graphic file (type png)

<use images/ext4_reiser/ext4_reiserfs_read.png>
<images/ext4_reiser/ext4_reiserfs_randread.png, id=95, 642.4pt x 481.8pt>
File: images/ext4_reiser/ext4_reiserfs_randread.png Graphic file (type png)

<use images/ext4_reiser/ext4_reiserfs_randread.png>
<images/ext4_reiser/ext4_reiserfs_randwrite.png, id=96, 642.4pt x 481.8pt>
File: images/ext4_reiser/ext4_reiserfs_randwrite.png Graphic file (type png)

<use images/ext4_reiser/ext4_reiserfs_randwrite.png>
<images/influencias/etapa2_write.png, id=97, 275.78897pt x 244.67313pt>
File: images/influencias/etapa2_write.png Graphic file (type png)

<use images/influencias/etapa2_write.png>
<images/influencias/etapa2_read.png, id=98, 266.65138pt x 244.67313pt>
File: images/influencias/etapa2_read.png Graphic file (type png)

<use images/influencias/etapa2_read.png>
<images/influencias/etapa2_randread.png, id=99, 267.48207pt x 240.31952pt>
File: images/influencias/etapa2_randread.png Graphic file (type png)

<use images/influencias/etapa2_randread.png>
<images/influencias/etapa2_randwrite.png, id=100, 273.29689pt x 241.19025pt>
File: images/influencias/etapa2_randwrite.png Graphic file (type png)

<use images/influencias/etapa2_randwrite.png> [23

 <./images/ext4_reiser/ext4_reiserfs_write.png (PNG copy)>] [24 <./images/ext4_
reiser/ext4_reiserfs_read.png (PNG copy)> <./images/ext4_reiser/ext4_reiserfs_r
andread.png (PNG copy)>]
[25 <./images/ext4_reiser/ext4_reiserfs_randwrite.png (PNG copy)>] [26 <./image
s/influencias/etapa2_write.png (PNG copy)> <./images/influencias/etapa2_read.pn
g (PNG copy)> <./images/influencias/etapa2_randread.png (PNG copy)> <./images/i
nfluencias/etapa2_randwrite.png (PNG copy)>]
<images/xfs_reiser/xfs_reiserfs_write.png, id=118, 642.4pt x 481.8pt>
File: images/xfs_reiser/xfs_reiserfs_write.png Graphic file (type png)

<use images/xfs_reiser/xfs_reiserfs_write.png>
<images/xfs_reiser/xfs_reiserfs_read.png, id=119, 642.4pt x 481.8pt>
File: images/xfs_reiser/xfs_reiserfs_read.png Graphic file (type png)

<use images/xfs_reiser/xfs_reiserfs_read.png>
<images/xfs_reiser/xfs_reiserfs_randread.png, id=120, 642.4pt x 481.8pt>
File: images/xfs_reiser/xfs_reiserfs_randread.png Graphic file (type png)

<use images/xfs_reiser/xfs_reiserfs_randread.png>
<images/xfs_reiser/xfs_reiserfs_randwrite.png, id=121, 642.4pt x 481.8pt>
File: images/xfs_reiser/xfs_reiserfs_randwrite.png Graphic file (type png)

<use images/xfs_reiser/xfs_reiserfs_randwrite.png>
<images/influencias/etapa3_write.png, id=122, 273.29689pt x 247.2853pt>
File: images/influencias/etapa3_write.png Graphic file (type png)

<use images/influencias/etapa3_write.png>
<images/influencias/etapa3_read.png, id=123, 273.29689pt x 242.93169pt>
File: images/influencias/etapa3_read.png Graphic file (type png)

<use images/influencias/etapa3_read.png>
<images/influencias/etapa3_randread.png, id=124, 276.61966pt x 242.06096pt>
File: images/influencias/etapa3_randread.png Graphic file (type png)

<use images/influencias/etapa3_randread.png>
<images/influencias/etapa3_randwrite.png, id=125, 271.63551pt x 243.80241pt>
File: images/influencias/etapa3_randwrite.png Graphic file (type png)

<use images/influencias/etapa3_randwrite.png> [27

 <./images/xfs_reiser/xfs_reiserfs_write.png (PNG copy)>] [28 <./images/xfs_rei
ser/xfs_reiserfs_read.png (PNG copy)> <./images/xfs_reiser/xfs_reiserfs_randrea
d.png (PNG copy)>] [29 <./images/xfs_reiser/xfs_reiserfs_randwrite.png (PNG cop
y)>] [30 <./images/influencias/etapa3_write.png (PNG copy)> <./images/influenci
as/etapa3_read.png (PNG copy)> <./images/influencias/etapa3_randread.png (PNG c
opy)> <./images/influencias/etapa3_randwrite.png (PNG copy)>]
Cap\'{\i }tulo 6.
(./monografia.bbl) [31


]
LaTeX Font Info:    External font `cmex10' loaded for size
(Font)              <20.74> on input line 669.
LaTeX Font Info:    External font `cmex10' loaded for size
(Font)              <14.4> on input line 669.

Anexo A.
(/usr/share/texmf-texlive/tex/latex/listings/lstlang1.sty
File: lstlang1.sty 2004/09/05 1.3 listings language file
)
(/usr/share/texmf-texlive/tex/latex/listings/lstlang1.sty
File: lstlang1.sty 2004/09/05 1.3 listings language file
)
(./include/execute.sh
LaTeX Font Info:    Try loading font information for T1+pcr on input line 3.
 (/usr/share/texmf-texlive/tex/latex/psnfss/t1pcr.fd
File: t1pcr.fd 2001/06/04 font definitions for T1/pcr.
)
[32

]) (./include/extract.sh) [33]
(/usr/share/texmf-texlive/tex/latex/listings/lstlang1.sty
File: lstlang1.sty 2004/09/05 1.3 listings language file
)
(/usr/share/texmf-texlive/tex/latex/listings/lstlang2.sty
File: lstlang2.sty 2004/09/05 1.3 listings language file
) (./include/plot.gp
[34] [35]) [36]
Anexo B.
<images/dados/ext4_1.png, id=165, 600.58862pt x 240.31952pt>
File: images/dados/ext4_1.png Graphic file (type png)

<use images/dados/ext4_1.png>
<images/dados/ext4_2.png, id=166, 600.58862pt x 237.70735pt>
File: images/dados/ext4_2.png Graphic file (type png)

<use images/dados/ext4_2.png>
<images/dados/ext4_3.png, id=167, 598.92725pt x 237.70735pt>
File: images/dados/ext4_3.png Graphic file (type png)

<use images/dados/ext4_3.png>
<images/dados/ext4_4.png, id=168, 598.92725pt x 237.70735pt>
File: images/dados/ext4_4.png Graphic file (type png)

<use images/dados/ext4_4.png>
<images/dados/ext4_5.png, id=169, 597.26587pt x 235.09518pt>
File: images/dados/ext4_5.png Graphic file (type png)

<use images/dados/ext4_5.png>
<images/dados/ext4_6.png, id=170, 596.43517pt x 232.48302pt>
File: images/dados/ext4_6.png Graphic file (type png)

<use images/dados/ext4_6.png>
<images/dados/ext4_7.png, id=171, 594.77379pt x 232.48302pt>
File: images/dados/ext4_7.png Graphic file (type png)

<use images/dados/ext4_7.png>
<images/dados/ext4_8.png, id=172, 596.43517pt x 233.35373pt>
File: images/dados/ext4_8.png Graphic file (type png)

<use images/dados/ext4_8.png> [37

 <./images/dados/ext4_1.png (PNG copy)> <./images/dados/ext4_2.png (PNG copy)>]
 [38 <./images/dados/ext4_3.png (PNG copy)> <./images/dados/ext4_4.png (PNG cop
y)> <./images/dados/ext4_5.png (PNG copy)>]
[39 <./images/dados/ext4_6.png (PNG copy)> <./images/dados/ext4_7.png (PNG copy
)> <./images/dados/ext4_8.png (PNG copy)>]
<images/dados/xfs_1.png, id=182, 597.26587pt x 234.22446pt>
File: images/dados/xfs_1.png Graphic file (type png)

<use images/dados/xfs_1.png>
<images/dados/xfs_2.png, id=183, 598.09656pt x 234.22446pt>
File: images/dados/xfs_2.png Graphic file (type png)

<use images/dados/xfs_2.png>
<images/dados/xfs_3.png, id=184, 597.26587pt x 234.22446pt>
File: images/dados/xfs_3.png Graphic file (type png)

<use images/dados/xfs_3.png>
<images/dados/xfs_4.png, id=185, 597.26587pt x 233.35373pt>
File: images/dados/xfs_4.png Graphic file (type png)

<use images/dados/xfs_4.png>
<images/dados/xfs_5.png, id=186, 597.26587pt x 233.35373pt>
File: images/dados/xfs_5.png Graphic file (type png)

<use images/dados/xfs_5.png>
<images/dados/xfs_6.png, id=187, 594.77379pt x 230.74156pt>
File: images/dados/xfs_6.png Graphic file (type png)

<use images/dados/xfs_6.png>
<images/dados/xfs_7.png, id=188, 597.26587pt x 235.09518pt>
File: images/dados/xfs_7.png Graphic file (type png)

<use images/dados/xfs_7.png>
<images/dados/xfs_8.png, id=189, 597.26587pt x 234.22446pt>
File: images/dados/xfs_8.png Graphic file (type png)

<use images/dados/xfs_8.png> [40

 <./images/dados/xfs_1.png (PNG copy)> <./images/dados/xfs_2.png (PNG copy)> <.
/images/dados/xfs_3.png (PNG copy)>] [41 <./images/dados/xfs_4.png (PNG copy)> 
<./images/dados/xfs_5.png (PNG copy)> <./images/dados/xfs_6.png (PNG copy)>] [4
2 <./images/dados/xfs_7.png (PNG copy)> <./images/dados/xfs_8.png (PNG copy)>]
<images/dados/reiser_1.png, id=200, 601.41931pt x 233.35373pt>
File: images/dados/reiser_1.png Graphic file (type png)

<use images/dados/reiser_1.png>
<images/dados/reiser_2.png, id=201, 603.08069pt x 233.35373pt>
File: images/dados/reiser_2.png Graphic file (type png)

<use images/dados/reiser_2.png>
<images/dados/reiser_3.png, id=202, 601.41931pt x 233.35373pt>
File: images/dados/reiser_3.png Graphic file (type png)

<use images/dados/reiser_3.png>
<images/dados/reiser_4.png, id=203, 603.08069pt x 232.48302pt>
File: images/dados/reiser_4.png Graphic file (type png)

<use images/dados/reiser_4.png> [43

 <./images/dados/reiser_1.png (PNG copy)> <./images/dados/reiser_2.png (PNG cop
y)> <./images/dados/reiser_3.png (PNG copy)>] [44 <./images/dados/reiser_4.png 
(PNG copy)>]
+-------------------------------------------------------------------+
| Comentario, sugestao ou critica sobre o abnTeX? Entre em contato: |
|                  http://abntex.codigolivre.org.br                 |
+-------------------------------------------------------------------+
(./monografia.aux)

LaTeX Warning: There were undefined references.

 ) 
Here is how much of TeX's memory you used:
 5603 strings out of 493848
 78294 string characters out of 1152824
 522088 words of memory out of 3000000
 8709 multiletter control sequences out of 15000+50000
 42025 words of font info for 80 fonts, out of 3000000 for 9000
 714 hyphenation exceptions out of 8191
 35i,11n,49p,552b,1827s stack positions out of 5000i,500n,10000p,200000b,50000s
{/usr/share/texmf-texlive/fonts/enc/dvips/base/8r.enc}</usr/share/texmf-texli
ve/fonts/type1/public/amsfonts/cm/cmmi8.pfb></usr/share/texmf-texlive/fonts/typ
e1/public/amsfonts/cm/cmr8.pfb></usr/share/texmf-texlive/fonts/type1/public/ams
fonts/cm/cmsy8.pfb></usr/share/texmf-texlive/fonts/type1/urw/courier/ucrr8a.pfb
></usr/share/texmf-texlive/fonts/type1/urw/palatino/uplb8a.pfb></usr/share/texm
f-texlive/fonts/type1/urw/palatino/uplbi8a.pfb></usr/share/texmf-texlive/fonts/
type1/urw/palatino/uplr8a.pfb></usr/share/texmf-texlive/fonts/type1/urw/palatin
o/uplri8a.pfb>
Output written on monografia.pdf (45 pages, 1444251 bytes).
PDF statistics:
 239 PDF objects out of 1000 (max. 8388607)
 0 named destinations out of 1000 (max. 500000)
 231 words of extra memory for PDF output out of 10000 (max. 10000000)

